The system is: Linux - 4.4.176-3.NSN.el7.x86_64 - x86_64
Compiling the C compiler identification source file "CMakeCCompilerId.c" succeeded.
Compiler: /opt/gcc/x86_64/8.3.0a/bin/gcc 
Build flags: -isystem;/var/fpwork/dmeng/5GNB/sdk5g/prefix_root_NATIVE-gcc/usr/include;
Id flags:  

The output was:
0


Compilation of the C compiler identification source "CMakeCCompilerId.c" produced "a.out"

The C compiler identification is GNU, found in "/var/fpwork/dmeng/tdd_study/bubble_sort/build/CMakeFiles/3.13.3/CompilerIdC/a.out"

Compiling the CXX compiler identification source file "CMakeCXXCompilerId.cpp" succeeded.
Compiler: /opt/gcc/x86_64/8.3.0a/bin/g++ 
Build flags: -isystem;/var/fpwork/dmeng/5GNB/sdk5g/prefix_root_NATIVE-gcc/usr/include;
Id flags:  

The output was:
0


Compilation of the CXX compiler identification source "CMakeCXXCompilerId.cpp" produced "a.out"

The CXX compiler identification is GNU, found in "/var/fpwork/dmeng/tdd_study/bubble_sort/build/CMakeFiles/3.13.3/CompilerIdCXX/a.out"

Determining if the C compiler works passed with the following output:
Change Dir: /var/fpwork/dmeng/tdd_study/bubble_sort/build/CMakeFiles/CMakeTmp

Run Build Command:"/usr/bin/gmake" "cmTC_00dce/fast"
/usr/bin/gmake -f CMakeFiles/cmTC_00dce.dir/build.make CMakeFiles/cmTC_00dce.dir/build
gmake[1]: Entering directory `/var/fpwork/dmeng/tdd_study/bubble_sort/build/CMakeFiles/CMakeTmp'
Building C object CMakeFiles/cmTC_00dce.dir/testCCompiler.c.o
ccache /opt/gcc/x86_64/8.3.0a/bin/gcc   -isystem /var/fpwork/dmeng/5GNB/sdk5g/prefix_root_NATIVE-gcc/usr/include     -o CMakeFiles/cmTC_00dce.dir/testCCompiler.c.o   -c /var/fpwork/dmeng/tdd_study/bubble_sort/build/CMakeFiles/CMakeTmp/testCCompiler.c
Linking C executable cmTC_00dce
/opt/cmake/x86_64/3.13.3-1/bin/cmake -E cmake_link_script CMakeFiles/cmTC_00dce.dir/link.txt --verbose=1
/opt/gcc/x86_64/8.3.0a/bin/gcc -isystem /var/fpwork/dmeng/5GNB/sdk5g/prefix_root_NATIVE-gcc/usr/include    -L/var/fpwork/dmeng/5GNB/sdk5g/prefix_root_NATIVE-gcc/lib -Wl,-rpath,/var/fpwork/dmeng/5GNB/sdk5g/prefix_root_NATIVE-gcc/lib  CMakeFiles/cmTC_00dce.dir/testCCompiler.c.o  -o cmTC_00dce 
gmake[1]: Leaving directory `/var/fpwork/dmeng/tdd_study/bubble_sort/build/CMakeFiles/CMakeTmp'


Detecting C compiler ABI info compiled with the following output:
Change Dir: /var/fpwork/dmeng/tdd_study/bubble_sort/build/CMakeFiles/CMakeTmp

Run Build Command:"/usr/bin/gmake" "cmTC_e9066/fast"
/usr/bin/gmake -f CMakeFiles/cmTC_e9066.dir/build.make CMakeFiles/cmTC_e9066.dir/build
gmake[1]: Entering directory `/var/fpwork/dmeng/tdd_study/bubble_sort/build/CMakeFiles/CMakeTmp'
Building C object CMakeFiles/cmTC_e9066.dir/CMakeCCompilerABI.c.o
ccache /opt/gcc/x86_64/8.3.0a/bin/gcc   -isystem /var/fpwork/dmeng/5GNB/sdk5g/prefix_root_NATIVE-gcc/usr/include     -o CMakeFiles/cmTC_e9066.dir/CMakeCCompilerABI.c.o   -c /opt/cmake/x86_64/3.13.3-1/share/cmake-3.13/Modules/CMakeCCompilerABI.c
Linking C executable cmTC_e9066
/opt/cmake/x86_64/3.13.3-1/bin/cmake -E cmake_link_script CMakeFiles/cmTC_e9066.dir/link.txt --verbose=1
/opt/gcc/x86_64/8.3.0a/bin/gcc -isystem /var/fpwork/dmeng/5GNB/sdk5g/prefix_root_NATIVE-gcc/usr/include    -L/var/fpwork/dmeng/5GNB/sdk5g/prefix_root_NATIVE-gcc/lib -Wl,-rpath,/var/fpwork/dmeng/5GNB/sdk5g/prefix_root_NATIVE-gcc/lib -v CMakeFiles/cmTC_e9066.dir/CMakeCCompilerABI.c.o  -o cmTC_e9066 
Using built-in specs.
COLLECT_GCC=/opt/gcc/x86_64/8.3.0a/bin/gcc
COLLECT_LTO_WRAPPER=/opt/gcc/x86_64/8.3.0a-3/libexec/gcc/x86_64-redhat-linux/8.3.0/lto-wrapper
Target: x86_64-redhat-linux
Configured with: ../configure --prefix=/opt/gcc/x86_64/8.3.0a-3 --exec-prefix=/opt/gcc/x86_64/8.3.0a-3 --bindir=/opt/gcc/x86_64/8.3.0a-3/bin --sbindir=/opt/gcc/x86_64/8.3.0a-3/sbin --sysconfdir=/opt/gcc/x86_64/8.3.0a-3/etc --datadir=/opt/gcc/x86_64/8.3.0a-3/share --includedir=/opt/gcc/x86_64/8.3.0a-3/include --libdir=/opt/gcc/x86_64/8.3.0a-3/lib --libexecdir=/opt/gcc/x86_64/8.3.0a-3/libexec --localstatedir=/var --sharedstatedir=/var/lib --mandir=/opt/gcc/x86_64/8.3.0a-3/man --infodir=/opt/gcc/x86_64/8.3.0a-3/info --with-docdir=/opt/gcc/x86_64/8.3.0a-3/doc --enable-shared --enable-languages=c,c++ --enable-threads=posix --enable-checking=release --with-system-zlib --disable-libunwind-exceptions --enable-libssp --enable-lto --with-gnu-ld --verbose --disable-gtktest --target=x86_64-redhat-linux --build=x86_64-redhat-linux --host=x86_64-redhat-linux --enable-__cxa_atexit --enable-pic
Thread model: posix
gcc version 8.3.0 (GCC) 
COMPILER_PATH=/opt/gcc/x86_64/8.3.0a-3/libexec/gcc/x86_64-redhat-linux/8.3.0/:/opt/gcc/x86_64/8.3.0a-3/libexec/gcc/x86_64-redhat-linux/8.3.0/:/opt/gcc/x86_64/8.3.0a-3/libexec/gcc/x86_64-redhat-linux/:/opt/gcc/x86_64/8.3.0a-3/lib/gcc/x86_64-redhat-linux/8.3.0/:/opt/gcc/x86_64/8.3.0a-3/lib/gcc/x86_64-redhat-linux/
LIBRARY_PATH=/opt/gcc/x86_64/8.3.0a-3/lib/gcc/x86_64-redhat-linux/8.3.0/:/opt/gcc/x86_64/8.3.0a-3/lib/gcc/x86_64-redhat-linux/8.3.0/../../../../lib64/:/lib/../lib64/:/usr/lib/../lib64/:/opt/gcc/x86_64/8.3.0a-3/lib/gcc/x86_64-redhat-linux/8.3.0/../../../:/lib/:/usr/lib/
COLLECT_GCC_OPTIONS='-isystem' '/var/fpwork/dmeng/5GNB/sdk5g/prefix_root_NATIVE-gcc/usr/include' '-L/var/fpwork/dmeng/5GNB/sdk5g/prefix_root_NATIVE-gcc/lib' '-v' '-o' 'cmTC_e9066' '-mtune=generic' '-march=x86-64'
 /opt/gcc/x86_64/8.3.0a-3/libexec/gcc/x86_64-redhat-linux/8.3.0/collect2 -plugin /opt/gcc/x86_64/8.3.0a-3/libexec/gcc/x86_64-redhat-linux/8.3.0/liblto_plugin.so -plugin-opt=/opt/gcc/x86_64/8.3.0a-3/libexec/gcc/x86_64-redhat-linux/8.3.0/lto-wrapper -plugin-opt=-fresolution=/tmp/cc8OE1hl.res -plugin-opt=-pass-through=-lgcc -plugin-opt=-pass-through=-lgcc_s -plugin-opt=-pass-through=-lc -plugin-opt=-pass-through=-lgcc -plugin-opt=-pass-through=-lgcc_s --eh-frame-hdr -m elf_x86_64 -dynamic-linker /lib64/ld-linux-x86-64.so.2 -o cmTC_e9066 /lib/../lib64/crt1.o /lib/../lib64/crti.o /opt/gcc/x86_64/8.3.0a-3/lib/gcc/x86_64-redhat-linux/8.3.0/crtbegin.o -L/var/fpwork/dmeng/5GNB/sdk5g/prefix_root_NATIVE-gcc/lib -L/opt/gcc/x86_64/8.3.0a-3/lib/gcc/x86_64-redhat-linux/8.3.0 -L/opt/gcc/x86_64/8.3.0a-3/lib/gcc/x86_64-redhat-linux/8.3.0/../../../../lib64 -L/lib/../lib64 -L/usr/lib/../lib64 -L/opt/gcc/x86_64/8.3.0a-3/lib/gcc/x86_64-redhat-linux/8.3.0/../../.. -rpath /var/fpwork/dmeng/5GNB/sdk5g/prefix_root_NATIVE-gcc/lib CMakeFiles/cmTC_e9066.dir/CMakeCCompilerABI.c.o -lgcc --as-needed -lgcc_s --no-as-needed -lc -lgcc --as-needed -lgcc_s --no-as-needed /opt/gcc/x86_64/8.3.0a-3/lib/gcc/x86_64-redhat-linux/8.3.0/crtend.o /lib/../lib64/crtn.o
COLLECT_GCC_OPTIONS='-isystem' '/var/fpwork/dmeng/5GNB/sdk5g/prefix_root_NATIVE-gcc/usr/include' '-L/var/fpwork/dmeng/5GNB/sdk5g/prefix_root_NATIVE-gcc/lib' '-v' '-o' 'cmTC_e9066' '-mtune=generic' '-march=x86-64'
gmake[1]: Leaving directory `/var/fpwork/dmeng/tdd_study/bubble_sort/build/CMakeFiles/CMakeTmp'


Parsed C implicit link information from above output:
  link line regex: [^( *|.*[/\])(ld|CMAKE_LINK_STARTFILE-NOTFOUND|([^/\]+-)?ld|collect2)[^/\]*( |$)]
  ignore line: [Change Dir: /var/fpwork/dmeng/tdd_study/bubble_sort/build/CMakeFiles/CMakeTmp]
  ignore line: []
  ignore line: [Run Build Command:"/usr/bin/gmake" "cmTC_e9066/fast"]
  ignore line: [/usr/bin/gmake -f CMakeFiles/cmTC_e9066.dir/build.make CMakeFiles/cmTC_e9066.dir/build]
  ignore line: [gmake[1]: Entering directory `/var/fpwork/dmeng/tdd_study/bubble_sort/build/CMakeFiles/CMakeTmp']
  ignore line: [Building C object CMakeFiles/cmTC_e9066.dir/CMakeCCompilerABI.c.o]
  ignore line: [ccache /opt/gcc/x86_64/8.3.0a/bin/gcc   -isystem /var/fpwork/dmeng/5GNB/sdk5g/prefix_root_NATIVE-gcc/usr/include     -o CMakeFiles/cmTC_e9066.dir/CMakeCCompilerABI.c.o   -c /opt/cmake/x86_64/3.13.3-1/share/cmake-3.13/Modules/CMakeCCompilerABI.c]
  ignore line: [Linking C executable cmTC_e9066]
  ignore line: [/opt/cmake/x86_64/3.13.3-1/bin/cmake -E cmake_link_script CMakeFiles/cmTC_e9066.dir/link.txt --verbose=1]
  ignore line: [/opt/gcc/x86_64/8.3.0a/bin/gcc -isystem /var/fpwork/dmeng/5GNB/sdk5g/prefix_root_NATIVE-gcc/usr/include    -L/var/fpwork/dmeng/5GNB/sdk5g/prefix_root_NATIVE-gcc/lib -Wl,-rpath,/var/fpwork/dmeng/5GNB/sdk5g/prefix_root_NATIVE-gcc/lib -v CMakeFiles/cmTC_e9066.dir/CMakeCCompilerABI.c.o  -o cmTC_e9066 ]
  ignore line: [Using built-in specs.]
  ignore line: [COLLECT_GCC=/opt/gcc/x86_64/8.3.0a/bin/gcc]
  ignore line: [COLLECT_LTO_WRAPPER=/opt/gcc/x86_64/8.3.0a-3/libexec/gcc/x86_64-redhat-linux/8.3.0/lto-wrapper]
  ignore line: [Target: x86_64-redhat-linux]
  ignore line: [Configured with: ../configure --prefix=/opt/gcc/x86_64/8.3.0a-3 --exec-prefix=/opt/gcc/x86_64/8.3.0a-3 --bindir=/opt/gcc/x86_64/8.3.0a-3/bin --sbindir=/opt/gcc/x86_64/8.3.0a-3/sbin --sysconfdir=/opt/gcc/x86_64/8.3.0a-3/etc --datadir=/opt/gcc/x86_64/8.3.0a-3/share --includedir=/opt/gcc/x86_64/8.3.0a-3/include --libdir=/opt/gcc/x86_64/8.3.0a-3/lib --libexecdir=/opt/gcc/x86_64/8.3.0a-3/libexec --localstatedir=/var --sharedstatedir=/var/lib --mandir=/opt/gcc/x86_64/8.3.0a-3/man --infodir=/opt/gcc/x86_64/8.3.0a-3/info --with-docdir=/opt/gcc/x86_64/8.3.0a-3/doc --enable-shared --enable-languages=c,c++ --enable-threads=posix --enable-checking=release --with-system-zlib --disable-libunwind-exceptions --enable-libssp --enable-lto --with-gnu-ld --verbose --disable-gtktest --target=x86_64-redhat-linux --build=x86_64-redhat-linux --host=x86_64-redhat-linux --enable-__cxa_atexit --enable-pic]
  ignore line: [Thread model: posix]
  ignore line: [gcc version 8.3.0 (GCC) ]
  ignore line: [COMPILER_PATH=/opt/gcc/x86_64/8.3.0a-3/libexec/gcc/x86_64-redhat-linux/8.3.0/:/opt/gcc/x86_64/8.3.0a-3/libexec/gcc/x86_64-redhat-linux/8.3.0/:/opt/gcc/x86_64/8.3.0a-3/libexec/gcc/x86_64-redhat-linux/:/opt/gcc/x86_64/8.3.0a-3/lib/gcc/x86_64-redhat-linux/8.3.0/:/opt/gcc/x86_64/8.3.0a-3/lib/gcc/x86_64-redhat-linux/]
  ignore line: [LIBRARY_PATH=/opt/gcc/x86_64/8.3.0a-3/lib/gcc/x86_64-redhat-linux/8.3.0/:/opt/gcc/x86_64/8.3.0a-3/lib/gcc/x86_64-redhat-linux/8.3.0/../../../../lib64/:/lib/../lib64/:/usr/lib/../lib64/:/opt/gcc/x86_64/8.3.0a-3/lib/gcc/x86_64-redhat-linux/8.3.0/../../../:/lib/:/usr/lib/]
  ignore line: [COLLECT_GCC_OPTIONS='-isystem' '/var/fpwork/dmeng/5GNB/sdk5g/prefix_root_NATIVE-gcc/usr/include' '-L/var/fpwork/dmeng/5GNB/sdk5g/prefix_root_NATIVE-gcc/lib' '-v' '-o' 'cmTC_e9066' '-mtune=generic' '-march=x86-64']
  link line: [ /opt/gcc/x86_64/8.3.0a-3/libexec/gcc/x86_64-redhat-linux/8.3.0/collect2 -plugin /opt/gcc/x86_64/8.3.0a-3/libexec/gcc/x86_64-redhat-linux/8.3.0/liblto_plugin.so -plugin-opt=/opt/gcc/x86_64/8.3.0a-3/libexec/gcc/x86_64-redhat-linux/8.3.0/lto-wrapper -plugin-opt=-fresolution=/tmp/cc8OE1hl.res -plugin-opt=-pass-through=-lgcc -plugin-opt=-pass-through=-lgcc_s -plugin-opt=-pass-through=-lc -plugin-opt=-pass-through=-lgcc -plugin-opt=-pass-through=-lgcc_s --eh-frame-hdr -m elf_x86_64 -dynamic-linker /lib64/ld-linux-x86-64.so.2 -o cmTC_e9066 /lib/../lib64/crt1.o /lib/../lib64/crti.o /opt/gcc/x86_64/8.3.0a-3/lib/gcc/x86_64-redhat-linux/8.3.0/crtbegin.o -L/var/fpwork/dmeng/5GNB/sdk5g/prefix_root_NATIVE-gcc/lib -L/opt/gcc/x86_64/8.3.0a-3/lib/gcc/x86_64-redhat-linux/8.3.0 -L/opt/gcc/x86_64/8.3.0a-3/lib/gcc/x86_64-redhat-linux/8.3.0/../../../../lib64 -L/lib/../lib64 -L/usr/lib/../lib64 -L/opt/gcc/x86_64/8.3.0a-3/lib/gcc/x86_64-redhat-linux/8.3.0/../../.. -rpath /var/fpwork/dmeng/5GNB/sdk5g/prefix_root_NATIVE-gcc/lib CMakeFiles/cmTC_e9066.dir/CMakeCCompilerABI.c.o -lgcc --as-needed -lgcc_s --no-as-needed -lc -lgcc --as-needed -lgcc_s --no-as-needed /opt/gcc/x86_64/8.3.0a-3/lib/gcc/x86_64-redhat-linux/8.3.0/crtend.o /lib/../lib64/crtn.o]
    arg [/opt/gcc/x86_64/8.3.0a-3/libexec/gcc/x86_64-redhat-linux/8.3.0/collect2] ==> ignore
    arg [-plugin] ==> ignore
    arg [/opt/gcc/x86_64/8.3.0a-3/libexec/gcc/x86_64-redhat-linux/8.3.0/liblto_plugin.so] ==> ignore
    arg [-plugin-opt=/opt/gcc/x86_64/8.3.0a-3/libexec/gcc/x86_64-redhat-linux/8.3.0/lto-wrapper] ==> ignore
    arg [-plugin-opt=-fresolution=/tmp/cc8OE1hl.res] ==> ignore
    arg [-plugin-opt=-pass-through=-lgcc] ==> ignore
    arg [-plugin-opt=-pass-through=-lgcc_s] ==> ignore
    arg [-plugin-opt=-pass-through=-lc] ==> ignore
    arg [-plugin-opt=-pass-through=-lgcc] ==> ignore
    arg [-plugin-opt=-pass-through=-lgcc_s] ==> ignore
    arg [--eh-frame-hdr] ==> ignore
    arg [-m] ==> ignore
    arg [elf_x86_64] ==> ignore
    arg [-dynamic-linker] ==> ignore
    arg [/lib64/ld-linux-x86-64.so.2] ==> ignore
    arg [-o] ==> ignore
    arg [cmTC_e9066] ==> ignore
    arg [/lib/../lib64/crt1.o] ==> ignore
    arg [/lib/../lib64/crti.o] ==> ignore
    arg [/opt/gcc/x86_64/8.3.0a-3/lib/gcc/x86_64-redhat-linux/8.3.0/crtbegin.o] ==> ignore
    arg [-L/var/fpwork/dmeng/5GNB/sdk5g/prefix_root_NATIVE-gcc/lib] ==> dir [/var/fpwork/dmeng/5GNB/sdk5g/prefix_root_NATIVE-gcc/lib]
    arg [-L/opt/gcc/x86_64/8.3.0a-3/lib/gcc/x86_64-redhat-linux/8.3.0] ==> dir [/opt/gcc/x86_64/8.3.0a-3/lib/gcc/x86_64-redhat-linux/8.3.0]
    arg [-L/opt/gcc/x86_64/8.3.0a-3/lib/gcc/x86_64-redhat-linux/8.3.0/../../../../lib64] ==> dir [/opt/gcc/x86_64/8.3.0a-3/lib/gcc/x86_64-redhat-linux/8.3.0/../../../../lib64]
    arg [-L/lib/../lib64] ==> dir [/lib/../lib64]
    arg [-L/usr/lib/../lib64] ==> dir [/usr/lib/../lib64]
    arg [-L/opt/gcc/x86_64/8.3.0a-3/lib/gcc/x86_64-redhat-linux/8.3.0/../../..] ==> dir [/opt/gcc/x86_64/8.3.0a-3/lib/gcc/x86_64-redhat-linux/8.3.0/../../..]
    arg [-rpath] ==> ignore
    arg [/var/fpwork/dmeng/5GNB/sdk5g/prefix_root_NATIVE-gcc/lib] ==> ignore
    arg [CMakeFiles/cmTC_e9066.dir/CMakeCCompilerABI.c.o] ==> ignore
    arg [-lgcc] ==> lib [gcc]
    arg [--as-needed] ==> ignore
    arg [-lgcc_s] ==> lib [gcc_s]
    arg [--no-as-needed] ==> ignore
    arg [-lc] ==> lib [c]
    arg [-lgcc] ==> lib [gcc]
    arg [--as-needed] ==> ignore
    arg [-lgcc_s] ==> lib [gcc_s]
    arg [--no-as-needed] ==> ignore
    arg [/opt/gcc/x86_64/8.3.0a-3/lib/gcc/x86_64-redhat-linux/8.3.0/crtend.o] ==> ignore
    arg [/lib/../lib64/crtn.o] ==> ignore
  collapse library dir [/var/fpwork/dmeng/5GNB/sdk5g/prefix_root_NATIVE-gcc/lib] ==> [/var/fpwork/dmeng/5GNB/sdk5g/prefix_root_NATIVE-gcc/lib]
  collapse library dir [/opt/gcc/x86_64/8.3.0a-3/lib/gcc/x86_64-redhat-linux/8.3.0] ==> [/opt/gcc/x86_64/8.3.0a-3/lib/gcc/x86_64-redhat-linux/8.3.0]
  collapse library dir [/opt/gcc/x86_64/8.3.0a-3/lib/gcc/x86_64-redhat-linux/8.3.0/../../../../lib64] ==> [/opt/gcc/x86_64/8.3.0a-3/lib64]
  collapse library dir [/lib/../lib64] ==> [/lib64]
  collapse library dir [/usr/lib/../lib64] ==> [/usr/lib64]
  collapse library dir [/opt/gcc/x86_64/8.3.0a-3/lib/gcc/x86_64-redhat-linux/8.3.0/../../..] ==> [/opt/gcc/x86_64/8.3.0a-3/lib]
  implicit libs: [gcc;gcc_s;c;gcc;gcc_s]
  implicit dirs: [/var/fpwork/dmeng/5GNB/sdk5g/prefix_root_NATIVE-gcc/lib;/opt/gcc/x86_64/8.3.0a-3/lib/gcc/x86_64-redhat-linux/8.3.0;/opt/gcc/x86_64/8.3.0a-3/lib64;/lib64;/usr/lib64;/opt/gcc/x86_64/8.3.0a-3/lib]
  implicit fwks: []




Detecting C [-std=c11] compiler features compiled with the following output:
Change Dir: /var/fpwork/dmeng/tdd_study/bubble_sort/build/CMakeFiles/CMakeTmp

Run Build Command:"/usr/bin/gmake" "cmTC_676eb/fast"
/usr/bin/gmake -f CMakeFiles/cmTC_676eb.dir/build.make CMakeFiles/cmTC_676eb.dir/build
gmake[1]: Entering directory `/var/fpwork/dmeng/tdd_study/bubble_sort/build/CMakeFiles/CMakeTmp'
Building C object CMakeFiles/cmTC_676eb.dir/feature_tests.c.o
ccache /opt/gcc/x86_64/8.3.0a/bin/gcc   -isystem /var/fpwork/dmeng/5GNB/sdk5g/prefix_root_NATIVE-gcc/usr/include     -std=c11 -o CMakeFiles/cmTC_676eb.dir/feature_tests.c.o   -c /var/fpwork/dmeng/tdd_study/bubble_sort/build/CMakeFiles/feature_tests.c
Linking C executable cmTC_676eb
/opt/cmake/x86_64/3.13.3-1/bin/cmake -E cmake_link_script CMakeFiles/cmTC_676eb.dir/link.txt --verbose=1
/opt/gcc/x86_64/8.3.0a/bin/gcc -isystem /var/fpwork/dmeng/5GNB/sdk5g/prefix_root_NATIVE-gcc/usr/include    -L/var/fpwork/dmeng/5GNB/sdk5g/prefix_root_NATIVE-gcc/lib -Wl,-rpath,/var/fpwork/dmeng/5GNB/sdk5g/prefix_root_NATIVE-gcc/lib  CMakeFiles/cmTC_676eb.dir/feature_tests.c.o  -o cmTC_676eb 
gmake[1]: Leaving directory `/var/fpwork/dmeng/tdd_study/bubble_sort/build/CMakeFiles/CMakeTmp'


    Feature record: C_FEATURE:1c_function_prototypes
    Feature record: C_FEATURE:1c_restrict
    Feature record: C_FEATURE:1c_static_assert
    Feature record: C_FEATURE:1c_variadic_macros


Detecting C [-std=c99] compiler features compiled with the following output:
Change Dir: /var/fpwork/dmeng/tdd_study/bubble_sort/build/CMakeFiles/CMakeTmp

Run Build Command:"/usr/bin/gmake" "cmTC_f37f1/fast"
/usr/bin/gmake -f CMakeFiles/cmTC_f37f1.dir/build.make CMakeFiles/cmTC_f37f1.dir/build
gmake[1]: Entering directory `/var/fpwork/dmeng/tdd_study/bubble_sort/build/CMakeFiles/CMakeTmp'
Building C object CMakeFiles/cmTC_f37f1.dir/feature_tests.c.o
ccache /opt/gcc/x86_64/8.3.0a/bin/gcc   -isystem /var/fpwork/dmeng/5GNB/sdk5g/prefix_root_NATIVE-gcc/usr/include     -std=c99 -o CMakeFiles/cmTC_f37f1.dir/feature_tests.c.o   -c /var/fpwork/dmeng/tdd_study/bubble_sort/build/CMakeFiles/feature_tests.c
Linking C executable cmTC_f37f1
/opt/cmake/x86_64/3.13.3-1/bin/cmake -E cmake_link_script CMakeFiles/cmTC_f37f1.dir/link.txt --verbose=1
/opt/gcc/x86_64/8.3.0a/bin/gcc -isystem /var/fpwork/dmeng/5GNB/sdk5g/prefix_root_NATIVE-gcc/usr/include    -L/var/fpwork/dmeng/5GNB/sdk5g/prefix_root_NATIVE-gcc/lib -Wl,-rpath,/var/fpwork/dmeng/5GNB/sdk5g/prefix_root_NATIVE-gcc/lib  CMakeFiles/cmTC_f37f1.dir/feature_tests.c.o  -o cmTC_f37f1 
gmake[1]: Leaving directory `/var/fpwork/dmeng/tdd_study/bubble_sort/build/CMakeFiles/CMakeTmp'


    Feature record: C_FEATURE:1c_function_prototypes
    Feature record: C_FEATURE:1c_restrict
    Feature record: C_FEATURE:0c_static_assert
    Feature record: C_FEATURE:1c_variadic_macros


Detecting C [-std=c90] compiler features compiled with the following output:
Change Dir: /var/fpwork/dmeng/tdd_study/bubble_sort/build/CMakeFiles/CMakeTmp

Run Build Command:"/usr/bin/gmake" "cmTC_f51c8/fast"
/usr/bin/gmake -f CMakeFiles/cmTC_f51c8.dir/build.make CMakeFiles/cmTC_f51c8.dir/build
gmake[1]: Entering directory `/var/fpwork/dmeng/tdd_study/bubble_sort/build/CMakeFiles/CMakeTmp'
Building C object CMakeFiles/cmTC_f51c8.dir/feature_tests.c.o
ccache /opt/gcc/x86_64/8.3.0a/bin/gcc   -isystem /var/fpwork/dmeng/5GNB/sdk5g/prefix_root_NATIVE-gcc/usr/include     -std=c90 -o CMakeFiles/cmTC_f51c8.dir/feature_tests.c.o   -c /var/fpwork/dmeng/tdd_study/bubble_sort/build/CMakeFiles/feature_tests.c
Linking C executable cmTC_f51c8
/opt/cmake/x86_64/3.13.3-1/bin/cmake -E cmake_link_script CMakeFiles/cmTC_f51c8.dir/link.txt --verbose=1
/opt/gcc/x86_64/8.3.0a/bin/gcc -isystem /var/fpwork/dmeng/5GNB/sdk5g/prefix_root_NATIVE-gcc/usr/include    -L/var/fpwork/dmeng/5GNB/sdk5g/prefix_root_NATIVE-gcc/lib -Wl,-rpath,/var/fpwork/dmeng/5GNB/sdk5g/prefix_root_NATIVE-gcc/lib  CMakeFiles/cmTC_f51c8.dir/feature_tests.c.o  -o cmTC_f51c8 
gmake[1]: Leaving directory `/var/fpwork/dmeng/tdd_study/bubble_sort/build/CMakeFiles/CMakeTmp'


    Feature record: C_FEATURE:1c_function_prototypes
    Feature record: C_FEATURE:0c_restrict
    Feature record: C_FEATURE:0c_static_assert
    Feature record: C_FEATURE:0c_variadic_macros
Determining if the CXX compiler works passed with the following output:
Change Dir: /var/fpwork/dmeng/tdd_study/bubble_sort/build/CMakeFiles/CMakeTmp

Run Build Command:"/usr/bin/gmake" "cmTC_3e8fb/fast"
/usr/bin/gmake -f CMakeFiles/cmTC_3e8fb.dir/build.make CMakeFiles/cmTC_3e8fb.dir/build
gmake[1]: Entering directory `/var/fpwork/dmeng/tdd_study/bubble_sort/build/CMakeFiles/CMakeTmp'
Building CXX object CMakeFiles/cmTC_3e8fb.dir/testCXXCompiler.cxx.o
ccache /opt/gcc/x86_64/8.3.0a/bin/g++    -isystem /var/fpwork/dmeng/5GNB/sdk5g/prefix_root_NATIVE-gcc/usr/include     -o CMakeFiles/cmTC_3e8fb.dir/testCXXCompiler.cxx.o -c /var/fpwork/dmeng/tdd_study/bubble_sort/build/CMakeFiles/CMakeTmp/testCXXCompiler.cxx
Linking CXX executable cmTC_3e8fb
/opt/cmake/x86_64/3.13.3-1/bin/cmake -E cmake_link_script CMakeFiles/cmTC_3e8fb.dir/link.txt --verbose=1
/opt/gcc/x86_64/8.3.0a/bin/g++  -isystem /var/fpwork/dmeng/5GNB/sdk5g/prefix_root_NATIVE-gcc/usr/include    -L/var/fpwork/dmeng/5GNB/sdk5g/prefix_root_NATIVE-gcc/lib -Wl,-rpath,/var/fpwork/dmeng/5GNB/sdk5g/prefix_root_NATIVE-gcc/lib  CMakeFiles/cmTC_3e8fb.dir/testCXXCompiler.cxx.o  -o cmTC_3e8fb 
gmake[1]: Leaving directory `/var/fpwork/dmeng/tdd_study/bubble_sort/build/CMakeFiles/CMakeTmp'


Detecting CXX compiler ABI info compiled with the following output:
Change Dir: /var/fpwork/dmeng/tdd_study/bubble_sort/build/CMakeFiles/CMakeTmp

Run Build Command:"/usr/bin/gmake" "cmTC_4b19f/fast"
/usr/bin/gmake -f CMakeFiles/cmTC_4b19f.dir/build.make CMakeFiles/cmTC_4b19f.dir/build
gmake[1]: Entering directory `/var/fpwork/dmeng/tdd_study/bubble_sort/build/CMakeFiles/CMakeTmp'
Building CXX object CMakeFiles/cmTC_4b19f.dir/CMakeCXXCompilerABI.cpp.o
ccache /opt/gcc/x86_64/8.3.0a/bin/g++    -isystem /var/fpwork/dmeng/5GNB/sdk5g/prefix_root_NATIVE-gcc/usr/include     -o CMakeFiles/cmTC_4b19f.dir/CMakeCXXCompilerABI.cpp.o -c /opt/cmake/x86_64/3.13.3-1/share/cmake-3.13/Modules/CMakeCXXCompilerABI.cpp
Linking CXX executable cmTC_4b19f
/opt/cmake/x86_64/3.13.3-1/bin/cmake -E cmake_link_script CMakeFiles/cmTC_4b19f.dir/link.txt --verbose=1
/opt/gcc/x86_64/8.3.0a/bin/g++  -isystem /var/fpwork/dmeng/5GNB/sdk5g/prefix_root_NATIVE-gcc/usr/include    -L/var/fpwork/dmeng/5GNB/sdk5g/prefix_root_NATIVE-gcc/lib -Wl,-rpath,/var/fpwork/dmeng/5GNB/sdk5g/prefix_root_NATIVE-gcc/lib -v CMakeFiles/cmTC_4b19f.dir/CMakeCXXCompilerABI.cpp.o  -o cmTC_4b19f 
Using built-in specs.
COLLECT_GCC=/opt/gcc/x86_64/8.3.0a/bin/g++
COLLECT_LTO_WRAPPER=/opt/gcc/x86_64/8.3.0a-3/libexec/gcc/x86_64-redhat-linux/8.3.0/lto-wrapper
Target: x86_64-redhat-linux
Configured with: ../configure --prefix=/opt/gcc/x86_64/8.3.0a-3 --exec-prefix=/opt/gcc/x86_64/8.3.0a-3 --bindir=/opt/gcc/x86_64/8.3.0a-3/bin --sbindir=/opt/gcc/x86_64/8.3.0a-3/sbin --sysconfdir=/opt/gcc/x86_64/8.3.0a-3/etc --datadir=/opt/gcc/x86_64/8.3.0a-3/share --includedir=/opt/gcc/x86_64/8.3.0a-3/include --libdir=/opt/gcc/x86_64/8.3.0a-3/lib --libexecdir=/opt/gcc/x86_64/8.3.0a-3/libexec --localstatedir=/var --sharedstatedir=/var/lib --mandir=/opt/gcc/x86_64/8.3.0a-3/man --infodir=/opt/gcc/x86_64/8.3.0a-3/info --with-docdir=/opt/gcc/x86_64/8.3.0a-3/doc --enable-shared --enable-languages=c,c++ --enable-threads=posix --enable-checking=release --with-system-zlib --disable-libunwind-exceptions --enable-libssp --enable-lto --with-gnu-ld --verbose --disable-gtktest --target=x86_64-redhat-linux --build=x86_64-redhat-linux --host=x86_64-redhat-linux --enable-__cxa_atexit --enable-pic
Thread model: posix
gcc version 8.3.0 (GCC) 
COMPILER_PATH=/opt/gcc/x86_64/8.3.0a-3/libexec/gcc/x86_64-redhat-linux/8.3.0/:/opt/gcc/x86_64/8.3.0a-3/libexec/gcc/x86_64-redhat-linux/8.3.0/:/opt/gcc/x86_64/8.3.0a-3/libexec/gcc/x86_64-redhat-linux/:/opt/gcc/x86_64/8.3.0a-3/lib/gcc/x86_64-redhat-linux/8.3.0/:/opt/gcc/x86_64/8.3.0a-3/lib/gcc/x86_64-redhat-linux/
LIBRARY_PATH=/opt/gcc/x86_64/8.3.0a-3/lib/gcc/x86_64-redhat-linux/8.3.0/:/opt/gcc/x86_64/8.3.0a-3/lib/gcc/x86_64-redhat-linux/8.3.0/../../../../lib64/:/lib/../lib64/:/usr/lib/../lib64/:/opt/gcc/x86_64/8.3.0a-3/lib/gcc/x86_64-redhat-linux/8.3.0/../../../:/lib/:/usr/lib/
COLLECT_GCC_OPTIONS='-isystem' '/var/fpwork/dmeng/5GNB/sdk5g/prefix_root_NATIVE-gcc/usr/include' '-L/var/fpwork/dmeng/5GNB/sdk5g/prefix_root_NATIVE-gcc/lib' '-v' '-o' 'cmTC_4b19f' '-shared-libgcc' '-mtune=generic' '-march=x86-64'
 /opt/gcc/x86_64/8.3.0a-3/libexec/gcc/x86_64-redhat-linux/8.3.0/collect2 -plugin /opt/gcc/x86_64/8.3.0a-3/libexec/gcc/x86_64-redhat-linux/8.3.0/liblto_plugin.so -plugin-opt=/opt/gcc/x86_64/8.3.0a-3/libexec/gcc/x86_64-redhat-linux/8.3.0/lto-wrapper -plugin-opt=-fresolution=/tmp/ccGmdovM.res -plugin-opt=-pass-through=-lgcc_s -plugin-opt=-pass-through=-lgcc -plugin-opt=-pass-through=-lc -plugin-opt=-pass-through=-lgcc_s -plugin-opt=-pass-through=-lgcc --eh-frame-hdr -m elf_x86_64 -dynamic-linker /lib64/ld-linux-x86-64.so.2 -o cmTC_4b19f /lib/../lib64/crt1.o /lib/../lib64/crti.o /opt/gcc/x86_64/8.3.0a-3/lib/gcc/x86_64-redhat-linux/8.3.0/crtbegin.o -L/var/fpwork/dmeng/5GNB/sdk5g/prefix_root_NATIVE-gcc/lib -L/opt/gcc/x86_64/8.3.0a-3/lib/gcc/x86_64-redhat-linux/8.3.0 -L/opt/gcc/x86_64/8.3.0a-3/lib/gcc/x86_64-redhat-linux/8.3.0/../../../../lib64 -L/lib/../lib64 -L/usr/lib/../lib64 -L/opt/gcc/x86_64/8.3.0a-3/lib/gcc/x86_64-redhat-linux/8.3.0/../../.. -rpath /var/fpwork/dmeng/5GNB/sdk5g/prefix_root_NATIVE-gcc/lib CMakeFiles/cmTC_4b19f.dir/CMakeCXXCompilerABI.cpp.o -lstdc++ -lm -lgcc_s -lgcc -lc -lgcc_s -lgcc /opt/gcc/x86_64/8.3.0a-3/lib/gcc/x86_64-redhat-linux/8.3.0/crtend.o /lib/../lib64/crtn.o
COLLECT_GCC_OPTIONS='-isystem' '/var/fpwork/dmeng/5GNB/sdk5g/prefix_root_NATIVE-gcc/usr/include' '-L/var/fpwork/dmeng/5GNB/sdk5g/prefix_root_NATIVE-gcc/lib' '-v' '-o' 'cmTC_4b19f' '-shared-libgcc' '-mtune=generic' '-march=x86-64'
gmake[1]: Leaving directory `/var/fpwork/dmeng/tdd_study/bubble_sort/build/CMakeFiles/CMakeTmp'


Parsed CXX implicit link information from above output:
  link line regex: [^( *|.*[/\])(ld|CMAKE_LINK_STARTFILE-NOTFOUND|([^/\]+-)?ld|collect2)[^/\]*( |$)]
  ignore line: [Change Dir: /var/fpwork/dmeng/tdd_study/bubble_sort/build/CMakeFiles/CMakeTmp]
  ignore line: []
  ignore line: [Run Build Command:"/usr/bin/gmake" "cmTC_4b19f/fast"]
  ignore line: [/usr/bin/gmake -f CMakeFiles/cmTC_4b19f.dir/build.make CMakeFiles/cmTC_4b19f.dir/build]
  ignore line: [gmake[1]: Entering directory `/var/fpwork/dmeng/tdd_study/bubble_sort/build/CMakeFiles/CMakeTmp']
  ignore line: [Building CXX object CMakeFiles/cmTC_4b19f.dir/CMakeCXXCompilerABI.cpp.o]
  ignore line: [ccache /opt/gcc/x86_64/8.3.0a/bin/g++    -isystem /var/fpwork/dmeng/5GNB/sdk5g/prefix_root_NATIVE-gcc/usr/include     -o CMakeFiles/cmTC_4b19f.dir/CMakeCXXCompilerABI.cpp.o -c /opt/cmake/x86_64/3.13.3-1/share/cmake-3.13/Modules/CMakeCXXCompilerABI.cpp]
  ignore line: [Linking CXX executable cmTC_4b19f]
  ignore line: [/opt/cmake/x86_64/3.13.3-1/bin/cmake -E cmake_link_script CMakeFiles/cmTC_4b19f.dir/link.txt --verbose=1]
  ignore line: [/opt/gcc/x86_64/8.3.0a/bin/g++  -isystem /var/fpwork/dmeng/5GNB/sdk5g/prefix_root_NATIVE-gcc/usr/include    -L/var/fpwork/dmeng/5GNB/sdk5g/prefix_root_NATIVE-gcc/lib -Wl,-rpath,/var/fpwork/dmeng/5GNB/sdk5g/prefix_root_NATIVE-gcc/lib -v CMakeFiles/cmTC_4b19f.dir/CMakeCXXCompilerABI.cpp.o  -o cmTC_4b19f ]
  ignore line: [Using built-in specs.]
  ignore line: [COLLECT_GCC=/opt/gcc/x86_64/8.3.0a/bin/g++]
  ignore line: [COLLECT_LTO_WRAPPER=/opt/gcc/x86_64/8.3.0a-3/libexec/gcc/x86_64-redhat-linux/8.3.0/lto-wrapper]
  ignore line: [Target: x86_64-redhat-linux]
  ignore line: [Configured with: ../configure --prefix=/opt/gcc/x86_64/8.3.0a-3 --exec-prefix=/opt/gcc/x86_64/8.3.0a-3 --bindir=/opt/gcc/x86_64/8.3.0a-3/bin --sbindir=/opt/gcc/x86_64/8.3.0a-3/sbin --sysconfdir=/opt/gcc/x86_64/8.3.0a-3/etc --datadir=/opt/gcc/x86_64/8.3.0a-3/share --includedir=/opt/gcc/x86_64/8.3.0a-3/include --libdir=/opt/gcc/x86_64/8.3.0a-3/lib --libexecdir=/opt/gcc/x86_64/8.3.0a-3/libexec --localstatedir=/var --sharedstatedir=/var/lib --mandir=/opt/gcc/x86_64/8.3.0a-3/man --infodir=/opt/gcc/x86_64/8.3.0a-3/info --with-docdir=/opt/gcc/x86_64/8.3.0a-3/doc --enable-shared --enable-languages=c,c++ --enable-threads=posix --enable-checking=release --with-system-zlib --disable-libunwind-exceptions --enable-libssp --enable-lto --with-gnu-ld --verbose --disable-gtktest --target=x86_64-redhat-linux --build=x86_64-redhat-linux --host=x86_64-redhat-linux --enable-__cxa_atexit --enable-pic]
  ignore line: [Thread model: posix]
  ignore line: [gcc version 8.3.0 (GCC) ]
  ignore line: [COMPILER_PATH=/opt/gcc/x86_64/8.3.0a-3/libexec/gcc/x86_64-redhat-linux/8.3.0/:/opt/gcc/x86_64/8.3.0a-3/libexec/gcc/x86_64-redhat-linux/8.3.0/:/opt/gcc/x86_64/8.3.0a-3/libexec/gcc/x86_64-redhat-linux/:/opt/gcc/x86_64/8.3.0a-3/lib/gcc/x86_64-redhat-linux/8.3.0/:/opt/gcc/x86_64/8.3.0a-3/lib/gcc/x86_64-redhat-linux/]
  ignore line: [LIBRARY_PATH=/opt/gcc/x86_64/8.3.0a-3/lib/gcc/x86_64-redhat-linux/8.3.0/:/opt/gcc/x86_64/8.3.0a-3/lib/gcc/x86_64-redhat-linux/8.3.0/../../../../lib64/:/lib/../lib64/:/usr/lib/../lib64/:/opt/gcc/x86_64/8.3.0a-3/lib/gcc/x86_64-redhat-linux/8.3.0/../../../:/lib/:/usr/lib/]
  ignore line: [COLLECT_GCC_OPTIONS='-isystem' '/var/fpwork/dmeng/5GNB/sdk5g/prefix_root_NATIVE-gcc/usr/include' '-L/var/fpwork/dmeng/5GNB/sdk5g/prefix_root_NATIVE-gcc/lib' '-v' '-o' 'cmTC_4b19f' '-shared-libgcc' '-mtune=generic' '-march=x86-64']
  link line: [ /opt/gcc/x86_64/8.3.0a-3/libexec/gcc/x86_64-redhat-linux/8.3.0/collect2 -plugin /opt/gcc/x86_64/8.3.0a-3/libexec/gcc/x86_64-redhat-linux/8.3.0/liblto_plugin.so -plugin-opt=/opt/gcc/x86_64/8.3.0a-3/libexec/gcc/x86_64-redhat-linux/8.3.0/lto-wrapper -plugin-opt=-fresolution=/tmp/ccGmdovM.res -plugin-opt=-pass-through=-lgcc_s -plugin-opt=-pass-through=-lgcc -plugin-opt=-pass-through=-lc -plugin-opt=-pass-through=-lgcc_s -plugin-opt=-pass-through=-lgcc --eh-frame-hdr -m elf_x86_64 -dynamic-linker /lib64/ld-linux-x86-64.so.2 -o cmTC_4b19f /lib/../lib64/crt1.o /lib/../lib64/crti.o /opt/gcc/x86_64/8.3.0a-3/lib/gcc/x86_64-redhat-linux/8.3.0/crtbegin.o -L/var/fpwork/dmeng/5GNB/sdk5g/prefix_root_NATIVE-gcc/lib -L/opt/gcc/x86_64/8.3.0a-3/lib/gcc/x86_64-redhat-linux/8.3.0 -L/opt/gcc/x86_64/8.3.0a-3/lib/gcc/x86_64-redhat-linux/8.3.0/../../../../lib64 -L/lib/../lib64 -L/usr/lib/../lib64 -L/opt/gcc/x86_64/8.3.0a-3/lib/gcc/x86_64-redhat-linux/8.3.0/../../.. -rpath /var/fpwork/dmeng/5GNB/sdk5g/prefix_root_NATIVE-gcc/lib CMakeFiles/cmTC_4b19f.dir/CMakeCXXCompilerABI.cpp.o -lstdc++ -lm -lgcc_s -lgcc -lc -lgcc_s -lgcc /opt/gcc/x86_64/8.3.0a-3/lib/gcc/x86_64-redhat-linux/8.3.0/crtend.o /lib/../lib64/crtn.o]
    arg [/opt/gcc/x86_64/8.3.0a-3/libexec/gcc/x86_64-redhat-linux/8.3.0/collect2] ==> ignore
    arg [-plugin] ==> ignore
    arg [/opt/gcc/x86_64/8.3.0a-3/libexec/gcc/x86_64-redhat-linux/8.3.0/liblto_plugin.so] ==> ignore
    arg [-plugin-opt=/opt/gcc/x86_64/8.3.0a-3/libexec/gcc/x86_64-redhat-linux/8.3.0/lto-wrapper] ==> ignore
    arg [-plugin-opt=-fresolution=/tmp/ccGmdovM.res] ==> ignore
    arg [-plugin-opt=-pass-through=-lgcc_s] ==> ignore
    arg [-plugin-opt=-pass-through=-lgcc] ==> ignore
    arg [-plugin-opt=-pass-through=-lc] ==> ignore
    arg [-plugin-opt=-pass-through=-lgcc_s] ==> ignore
    arg [-plugin-opt=-pass-through=-lgcc] ==> ignore
    arg [--eh-frame-hdr] ==> ignore
    arg [-m] ==> ignore
    arg [elf_x86_64] ==> ignore
    arg [-dynamic-linker] ==> ignore
    arg [/lib64/ld-linux-x86-64.so.2] ==> ignore
    arg [-o] ==> ignore
    arg [cmTC_4b19f] ==> ignore
    arg [/lib/../lib64/crt1.o] ==> ignore
    arg [/lib/../lib64/crti.o] ==> ignore
    arg [/opt/gcc/x86_64/8.3.0a-3/lib/gcc/x86_64-redhat-linux/8.3.0/crtbegin.o] ==> ignore
    arg [-L/var/fpwork/dmeng/5GNB/sdk5g/prefix_root_NATIVE-gcc/lib] ==> dir [/var/fpwork/dmeng/5GNB/sdk5g/prefix_root_NATIVE-gcc/lib]
    arg [-L/opt/gcc/x86_64/8.3.0a-3/lib/gcc/x86_64-redhat-linux/8.3.0] ==> dir [/opt/gcc/x86_64/8.3.0a-3/lib/gcc/x86_64-redhat-linux/8.3.0]
    arg [-L/opt/gcc/x86_64/8.3.0a-3/lib/gcc/x86_64-redhat-linux/8.3.0/../../../../lib64] ==> dir [/opt/gcc/x86_64/8.3.0a-3/lib/gcc/x86_64-redhat-linux/8.3.0/../../../../lib64]
    arg [-L/lib/../lib64] ==> dir [/lib/../lib64]
    arg [-L/usr/lib/../lib64] ==> dir [/usr/lib/../lib64]
    arg [-L/opt/gcc/x86_64/8.3.0a-3/lib/gcc/x86_64-redhat-linux/8.3.0/../../..] ==> dir [/opt/gcc/x86_64/8.3.0a-3/lib/gcc/x86_64-redhat-linux/8.3.0/../../..]
    arg [-rpath] ==> ignore
    arg [/var/fpwork/dmeng/5GNB/sdk5g/prefix_root_NATIVE-gcc/lib] ==> ignore
    arg [CMakeFiles/cmTC_4b19f.dir/CMakeCXXCompilerABI.cpp.o] ==> ignore
    arg [-lstdc++] ==> lib [stdc++]
    arg [-lm] ==> lib [m]
    arg [-lgcc_s] ==> lib [gcc_s]
    arg [-lgcc] ==> lib [gcc]
    arg [-lc] ==> lib [c]
    arg [-lgcc_s] ==> lib [gcc_s]
    arg [-lgcc] ==> lib [gcc]
    arg [/opt/gcc/x86_64/8.3.0a-3/lib/gcc/x86_64-redhat-linux/8.3.0/crtend.o] ==> ignore
    arg [/lib/../lib64/crtn.o] ==> ignore
  collapse library dir [/var/fpwork/dmeng/5GNB/sdk5g/prefix_root_NATIVE-gcc/lib] ==> [/var/fpwork/dmeng/5GNB/sdk5g/prefix_root_NATIVE-gcc/lib]
  collapse library dir [/opt/gcc/x86_64/8.3.0a-3/lib/gcc/x86_64-redhat-linux/8.3.0] ==> [/opt/gcc/x86_64/8.3.0a-3/lib/gcc/x86_64-redhat-linux/8.3.0]
  collapse library dir [/opt/gcc/x86_64/8.3.0a-3/lib/gcc/x86_64-redhat-linux/8.3.0/../../../../lib64] ==> [/opt/gcc/x86_64/8.3.0a-3/lib64]
  collapse library dir [/lib/../lib64] ==> [/lib64]
  collapse library dir [/usr/lib/../lib64] ==> [/usr/lib64]
  collapse library dir [/opt/gcc/x86_64/8.3.0a-3/lib/gcc/x86_64-redhat-linux/8.3.0/../../..] ==> [/opt/gcc/x86_64/8.3.0a-3/lib]
  implicit libs: [stdc++;m;gcc_s;gcc;c;gcc_s;gcc]
  implicit dirs: [/var/fpwork/dmeng/5GNB/sdk5g/prefix_root_NATIVE-gcc/lib;/opt/gcc/x86_64/8.3.0a-3/lib/gcc/x86_64-redhat-linux/8.3.0;/opt/gcc/x86_64/8.3.0a-3/lib64;/lib64;/usr/lib64;/opt/gcc/x86_64/8.3.0a-3/lib]
  implicit fwks: []




Detecting CXX [-std=c++2a] compiler features compiled with the following output:
Change Dir: /var/fpwork/dmeng/tdd_study/bubble_sort/build/CMakeFiles/CMakeTmp

Run Build Command:"/usr/bin/gmake" "cmTC_ebe26/fast"
/usr/bin/gmake -f CMakeFiles/cmTC_ebe26.dir/build.make CMakeFiles/cmTC_ebe26.dir/build
gmake[1]: Entering directory `/var/fpwork/dmeng/tdd_study/bubble_sort/build/CMakeFiles/CMakeTmp'
Building CXX object CMakeFiles/cmTC_ebe26.dir/feature_tests.cxx.o
ccache /opt/gcc/x86_64/8.3.0a/bin/g++    -isystem /var/fpwork/dmeng/5GNB/sdk5g/prefix_root_NATIVE-gcc/usr/include     -std=c++2a -o CMakeFiles/cmTC_ebe26.dir/feature_tests.cxx.o -c /var/fpwork/dmeng/tdd_study/bubble_sort/build/CMakeFiles/feature_tests.cxx
Linking CXX executable cmTC_ebe26
/opt/cmake/x86_64/3.13.3-1/bin/cmake -E cmake_link_script CMakeFiles/cmTC_ebe26.dir/link.txt --verbose=1
/opt/gcc/x86_64/8.3.0a/bin/g++  -isystem /var/fpwork/dmeng/5GNB/sdk5g/prefix_root_NATIVE-gcc/usr/include    -L/var/fpwork/dmeng/5GNB/sdk5g/prefix_root_NATIVE-gcc/lib -Wl,-rpath,/var/fpwork/dmeng/5GNB/sdk5g/prefix_root_NATIVE-gcc/lib  CMakeFiles/cmTC_ebe26.dir/feature_tests.cxx.o  -o cmTC_ebe26 
gmake[1]: Leaving directory `/var/fpwork/dmeng/tdd_study/bubble_sort/build/CMakeFiles/CMakeTmp'


    Feature record: CXX_FEATURE:1cxx_aggregate_default_initializers
    Feature record: CXX_FEATURE:1cxx_alias_templates
    Feature record: CXX_FEATURE:1cxx_alignas
    Feature record: CXX_FEATURE:1cxx_alignof
    Feature record: CXX_FEATURE:1cxx_attributes
    Feature record: CXX_FEATURE:1cxx_attribute_deprecated
    Feature record: CXX_FEATURE:1cxx_auto_type
    Feature record: CXX_FEATURE:1cxx_binary_literals
    Feature record: CXX_FEATURE:1cxx_constexpr
    Feature record: CXX_FEATURE:1cxx_contextual_conversions
    Feature record: CXX_FEATURE:1cxx_decltype
    Feature record: CXX_FEATURE:1cxx_decltype_auto
    Feature record: CXX_FEATURE:1cxx_decltype_incomplete_return_types
    Feature record: CXX_FEATURE:1cxx_default_function_template_args
    Feature record: CXX_FEATURE:1cxx_defaulted_functions
    Feature record: CXX_FEATURE:1cxx_defaulted_move_initializers
    Feature record: CXX_FEATURE:1cxx_delegating_constructors
    Feature record: CXX_FEATURE:1cxx_deleted_functions
    Feature record: CXX_FEATURE:1cxx_digit_separators
    Feature record: CXX_FEATURE:1cxx_enum_forward_declarations
    Feature record: CXX_FEATURE:1cxx_explicit_conversions
    Feature record: CXX_FEATURE:1cxx_extended_friend_declarations
    Feature record: CXX_FEATURE:1cxx_extern_templates
    Feature record: CXX_FEATURE:1cxx_final
    Feature record: CXX_FEATURE:1cxx_func_identifier
    Feature record: CXX_FEATURE:1cxx_generalized_initializers
    Feature record: CXX_FEATURE:1cxx_generic_lambdas
    Feature record: CXX_FEATURE:1cxx_inheriting_constructors
    Feature record: CXX_FEATURE:1cxx_inline_namespaces
    Feature record: CXX_FEATURE:1cxx_lambdas
    Feature record: CXX_FEATURE:1cxx_lambda_init_captures
    Feature record: CXX_FEATURE:1cxx_local_type_template_args
    Feature record: CXX_FEATURE:1cxx_long_long_type
    Feature record: CXX_FEATURE:1cxx_noexcept
    Feature record: CXX_FEATURE:1cxx_nonstatic_member_init
    Feature record: CXX_FEATURE:1cxx_nullptr
    Feature record: CXX_FEATURE:1cxx_override
    Feature record: CXX_FEATURE:1cxx_range_for
    Feature record: CXX_FEATURE:1cxx_raw_string_literals
    Feature record: CXX_FEATURE:1cxx_reference_qualified_functions
    Feature record: CXX_FEATURE:1cxx_relaxed_constexpr
    Feature record: CXX_FEATURE:1cxx_return_type_deduction
    Feature record: CXX_FEATURE:1cxx_right_angle_brackets
    Feature record: CXX_FEATURE:1cxx_rvalue_references
    Feature record: CXX_FEATURE:1cxx_sizeof_member
    Feature record: CXX_FEATURE:1cxx_static_assert
    Feature record: CXX_FEATURE:1cxx_strong_enums
    Feature record: CXX_FEATURE:1cxx_template_template_parameters
    Feature record: CXX_FEATURE:1cxx_thread_local
    Feature record: CXX_FEATURE:1cxx_trailing_return_types
    Feature record: CXX_FEATURE:1cxx_unicode_literals
    Feature record: CXX_FEATURE:1cxx_uniform_initialization
    Feature record: CXX_FEATURE:1cxx_unrestricted_unions
    Feature record: CXX_FEATURE:1cxx_user_literals
    Feature record: CXX_FEATURE:1cxx_variable_templates
    Feature record: CXX_FEATURE:1cxx_variadic_macros
    Feature record: CXX_FEATURE:1cxx_variadic_templates


Detecting CXX [-std=c++17] compiler features compiled with the following output:
Change Dir: /var/fpwork/dmeng/tdd_study/bubble_sort/build/CMakeFiles/CMakeTmp

Run Build Command:"/usr/bin/gmake" "cmTC_873ff/fast"
/usr/bin/gmake -f CMakeFiles/cmTC_873ff.dir/build.make CMakeFiles/cmTC_873ff.dir/build
gmake[1]: Entering directory `/var/fpwork/dmeng/tdd_study/bubble_sort/build/CMakeFiles/CMakeTmp'
Building CXX object CMakeFiles/cmTC_873ff.dir/feature_tests.cxx.o
ccache /opt/gcc/x86_64/8.3.0a/bin/g++    -isystem /var/fpwork/dmeng/5GNB/sdk5g/prefix_root_NATIVE-gcc/usr/include     -std=c++17 -o CMakeFiles/cmTC_873ff.dir/feature_tests.cxx.o -c /var/fpwork/dmeng/tdd_study/bubble_sort/build/CMakeFiles/feature_tests.cxx
Linking CXX executable cmTC_873ff
/opt/cmake/x86_64/3.13.3-1/bin/cmake -E cmake_link_script CMakeFiles/cmTC_873ff.dir/link.txt --verbose=1
/opt/gcc/x86_64/8.3.0a/bin/g++  -isystem /var/fpwork/dmeng/5GNB/sdk5g/prefix_root_NATIVE-gcc/usr/include    -L/var/fpwork/dmeng/5GNB/sdk5g/prefix_root_NATIVE-gcc/lib -Wl,-rpath,/var/fpwork/dmeng/5GNB/sdk5g/prefix_root_NATIVE-gcc/lib  CMakeFiles/cmTC_873ff.dir/feature_tests.cxx.o  -o cmTC_873ff 
gmake[1]: Leaving directory `/var/fpwork/dmeng/tdd_study/bubble_sort/build/CMakeFiles/CMakeTmp'


    Feature record: CXX_FEATURE:1cxx_aggregate_default_initializers
    Feature record: CXX_FEATURE:1cxx_alias_templates
    Feature record: CXX_FEATURE:1cxx_alignas
    Feature record: CXX_FEATURE:1cxx_alignof
    Feature record: CXX_FEATURE:1cxx_attributes
    Feature record: CXX_FEATURE:1cxx_attribute_deprecated
    Feature record: CXX_FEATURE:1cxx_auto_type
    Feature record: CXX_FEATURE:1cxx_binary_literals
    Feature record: CXX_FEATURE:1cxx_constexpr
    Feature record: CXX_FEATURE:1cxx_contextual_conversions
    Feature record: CXX_FEATURE:1cxx_decltype
    Feature record: CXX_FEATURE:1cxx_decltype_auto
    Feature record: CXX_FEATURE:1cxx_decltype_incomplete_return_types
    Feature record: CXX_FEATURE:1cxx_default_function_template_args
    Feature record: CXX_FEATURE:1cxx_defaulted_functions
    Feature record: CXX_FEATURE:1cxx_defaulted_move_initializers
    Feature record: CXX_FEATURE:1cxx_delegating_constructors
    Feature record: CXX_FEATURE:1cxx_deleted_functions
    Feature record: CXX_FEATURE:1cxx_digit_separators
    Feature record: CXX_FEATURE:1cxx_enum_forward_declarations
    Feature record: CXX_FEATURE:1cxx_explicit_conversions
    Feature record: CXX_FEATURE:1cxx_extended_friend_declarations
    Feature record: CXX_FEATURE:1cxx_extern_templates
    Feature record: CXX_FEATURE:1cxx_final
    Feature record: CXX_FEATURE:1cxx_func_identifier
    Feature record: CXX_FEATURE:1cxx_generalized_initializers
    Feature record: CXX_FEATURE:1cxx_generic_lambdas
    Feature record: CXX_FEATURE:1cxx_inheriting_constructors
    Feature record: CXX_FEATURE:1cxx_inline_namespaces
    Feature record: CXX_FEATURE:1cxx_lambdas
    Feature record: CXX_FEATURE:1cxx_lambda_init_captures
    Feature record: CXX_FEATURE:1cxx_local_type_template_args
    Feature record: CXX_FEATURE:1cxx_long_long_type
    Feature record: CXX_FEATURE:1cxx_noexcept
    Feature record: CXX_FEATURE:1cxx_nonstatic_member_init
    Feature record: CXX_FEATURE:1cxx_nullptr
    Feature record: CXX_FEATURE:1cxx_override
    Feature record: CXX_FEATURE:1cxx_range_for
    Feature record: CXX_FEATURE:1cxx_raw_string_literals
    Feature record: CXX_FEATURE:1cxx_reference_qualified_functions
    Feature record: CXX_FEATURE:1cxx_relaxed_constexpr
    Feature record: CXX_FEATURE:1cxx_return_type_deduction
    Feature record: CXX_FEATURE:1cxx_right_angle_brackets
    Feature record: CXX_FEATURE:1cxx_rvalue_references
    Feature record: CXX_FEATURE:1cxx_sizeof_member
    Feature record: CXX_FEATURE:1cxx_static_assert
    Feature record: CXX_FEATURE:1cxx_strong_enums
    Feature record: CXX_FEATURE:1cxx_template_template_parameters
    Feature record: CXX_FEATURE:1cxx_thread_local
    Feature record: CXX_FEATURE:1cxx_trailing_return_types
    Feature record: CXX_FEATURE:1cxx_unicode_literals
    Feature record: CXX_FEATURE:1cxx_uniform_initialization
    Feature record: CXX_FEATURE:1cxx_unrestricted_unions
    Feature record: CXX_FEATURE:1cxx_user_literals
    Feature record: CXX_FEATURE:1cxx_variable_templates
    Feature record: CXX_FEATURE:1cxx_variadic_macros
    Feature record: CXX_FEATURE:1cxx_variadic_templates


Detecting CXX [-std=c++14] compiler features compiled with the following output:
Change Dir: /var/fpwork/dmeng/tdd_study/bubble_sort/build/CMakeFiles/CMakeTmp

Run Build Command:"/usr/bin/gmake" "cmTC_133fe/fast"
/usr/bin/gmake -f CMakeFiles/cmTC_133fe.dir/build.make CMakeFiles/cmTC_133fe.dir/build
gmake[1]: Entering directory `/var/fpwork/dmeng/tdd_study/bubble_sort/build/CMakeFiles/CMakeTmp'
Building CXX object CMakeFiles/cmTC_133fe.dir/feature_tests.cxx.o
ccache /opt/gcc/x86_64/8.3.0a/bin/g++    -isystem /var/fpwork/dmeng/5GNB/sdk5g/prefix_root_NATIVE-gcc/usr/include     -std=c++14 -o CMakeFiles/cmTC_133fe.dir/feature_tests.cxx.o -c /var/fpwork/dmeng/tdd_study/bubble_sort/build/CMakeFiles/feature_tests.cxx
Linking CXX executable cmTC_133fe
/opt/cmake/x86_64/3.13.3-1/bin/cmake -E cmake_link_script CMakeFiles/cmTC_133fe.dir/link.txt --verbose=1
/opt/gcc/x86_64/8.3.0a/bin/g++  -isystem /var/fpwork/dmeng/5GNB/sdk5g/prefix_root_NATIVE-gcc/usr/include    -L/var/fpwork/dmeng/5GNB/sdk5g/prefix_root_NATIVE-gcc/lib -Wl,-rpath,/var/fpwork/dmeng/5GNB/sdk5g/prefix_root_NATIVE-gcc/lib  CMakeFiles/cmTC_133fe.dir/feature_tests.cxx.o  -o cmTC_133fe 
gmake[1]: Leaving directory `/var/fpwork/dmeng/tdd_study/bubble_sort/build/CMakeFiles/CMakeTmp'


    Feature record: CXX_FEATURE:1cxx_aggregate_default_initializers
    Feature record: CXX_FEATURE:1cxx_alias_templates
    Feature record: CXX_FEATURE:1cxx_alignas
    Feature record: CXX_FEATURE:1cxx_alignof
    Feature record: CXX_FEATURE:1cxx_attributes
    Feature record: CXX_FEATURE:1cxx_attribute_deprecated
    Feature record: CXX_FEATURE:1cxx_auto_type
    Feature record: CXX_FEATURE:1cxx_binary_literals
    Feature record: CXX_FEATURE:1cxx_constexpr
    Feature record: CXX_FEATURE:1cxx_contextual_conversions
    Feature record: CXX_FEATURE:1cxx_decltype
    Feature record: CXX_FEATURE:1cxx_decltype_auto
    Feature record: CXX_FEATURE:1cxx_decltype_incomplete_return_types
    Feature record: CXX_FEATURE:1cxx_default_function_template_args
    Feature record: CXX_FEATURE:1cxx_defaulted_functions
    Feature record: CXX_FEATURE:1cxx_defaulted_move_initializers
    Feature record: CXX_FEATURE:1cxx_delegating_constructors
    Feature record: CXX_FEATURE:1cxx_deleted_functions
    Feature record: CXX_FEATURE:1cxx_digit_separators
    Feature record: CXX_FEATURE:1cxx_enum_forward_declarations
    Feature record: CXX_FEATURE:1cxx_explicit_conversions
    Feature record: CXX_FEATURE:1cxx_extended_friend_declarations
    Feature record: CXX_FEATURE:1cxx_extern_templates
    Feature record: CXX_FEATURE:1cxx_final
    Feature record: CXX_FEATURE:1cxx_func_identifier
    Feature record: CXX_FEATURE:1cxx_generalized_initializers
    Feature record: CXX_FEATURE:1cxx_generic_lambdas
    Feature record: CXX_FEATURE:1cxx_inheriting_constructors
    Feature record: CXX_FEATURE:1cxx_inline_namespaces
    Feature record: CXX_FEATURE:1cxx_lambdas
    Feature record: CXX_FEATURE:1cxx_lambda_init_captures
    Feature record: CXX_FEATURE:1cxx_local_type_template_args
    Feature record: CXX_FEATURE:1cxx_long_long_type
    Feature record: CXX_FEATURE:1cxx_noexcept
    Feature record: CXX_FEATURE:1cxx_nonstatic_member_init
    Feature record: CXX_FEATURE:1cxx_nullptr
    Feature record: CXX_FEATURE:1cxx_override
    Feature record: CXX_FEATURE:1cxx_range_for
    Feature record: CXX_FEATURE:1cxx_raw_string_literals
    Feature record: CXX_FEATURE:1cxx_reference_qualified_functions
    Feature record: CXX_FEATURE:1cxx_relaxed_constexpr
    Feature record: CXX_FEATURE:1cxx_return_type_deduction
    Feature record: CXX_FEATURE:1cxx_right_angle_brackets
    Feature record: CXX_FEATURE:1cxx_rvalue_references
    Feature record: CXX_FEATURE:1cxx_sizeof_member
    Feature record: CXX_FEATURE:1cxx_static_assert
    Feature record: CXX_FEATURE:1cxx_strong_enums
    Feature record: CXX_FEATURE:1cxx_template_template_parameters
    Feature record: CXX_FEATURE:1cxx_thread_local
    Feature record: CXX_FEATURE:1cxx_trailing_return_types
    Feature record: CXX_FEATURE:1cxx_unicode_literals
    Feature record: CXX_FEATURE:1cxx_uniform_initialization
    Feature record: CXX_FEATURE:1cxx_unrestricted_unions
    Feature record: CXX_FEATURE:1cxx_user_literals
    Feature record: CXX_FEATURE:1cxx_variable_templates
    Feature record: CXX_FEATURE:1cxx_variadic_macros
    Feature record: CXX_FEATURE:1cxx_variadic_templates


Detecting CXX [-std=c++11] compiler features compiled with the following output:
Change Dir: /var/fpwork/dmeng/tdd_study/bubble_sort/build/CMakeFiles/CMakeTmp

Run Build Command:"/usr/bin/gmake" "cmTC_a9907/fast"
/usr/bin/gmake -f CMakeFiles/cmTC_a9907.dir/build.make CMakeFiles/cmTC_a9907.dir/build
gmake[1]: Entering directory `/var/fpwork/dmeng/tdd_study/bubble_sort/build/CMakeFiles/CMakeTmp'
Building CXX object CMakeFiles/cmTC_a9907.dir/feature_tests.cxx.o
ccache /opt/gcc/x86_64/8.3.0a/bin/g++    -isystem /var/fpwork/dmeng/5GNB/sdk5g/prefix_root_NATIVE-gcc/usr/include     -std=c++11 -o CMakeFiles/cmTC_a9907.dir/feature_tests.cxx.o -c /var/fpwork/dmeng/tdd_study/bubble_sort/build/CMakeFiles/feature_tests.cxx
Linking CXX executable cmTC_a9907
/opt/cmake/x86_64/3.13.3-1/bin/cmake -E cmake_link_script CMakeFiles/cmTC_a9907.dir/link.txt --verbose=1
/opt/gcc/x86_64/8.3.0a/bin/g++  -isystem /var/fpwork/dmeng/5GNB/sdk5g/prefix_root_NATIVE-gcc/usr/include    -L/var/fpwork/dmeng/5GNB/sdk5g/prefix_root_NATIVE-gcc/lib -Wl,-rpath,/var/fpwork/dmeng/5GNB/sdk5g/prefix_root_NATIVE-gcc/lib  CMakeFiles/cmTC_a9907.dir/feature_tests.cxx.o  -o cmTC_a9907 
gmake[1]: Leaving directory `/var/fpwork/dmeng/tdd_study/bubble_sort/build/CMakeFiles/CMakeTmp'


    Feature record: CXX_FEATURE:0cxx_aggregate_default_initializers
    Feature record: CXX_FEATURE:1cxx_alias_templates
    Feature record: CXX_FEATURE:1cxx_alignas
    Feature record: CXX_FEATURE:1cxx_alignof
    Feature record: CXX_FEATURE:1cxx_attributes
    Feature record: CXX_FEATURE:0cxx_attribute_deprecated
    Feature record: CXX_FEATURE:1cxx_auto_type
    Feature record: CXX_FEATURE:0cxx_binary_literals
    Feature record: CXX_FEATURE:1cxx_constexpr
    Feature record: CXX_FEATURE:0cxx_contextual_conversions
    Feature record: CXX_FEATURE:1cxx_decltype
    Feature record: CXX_FEATURE:0cxx_decltype_auto
    Feature record: CXX_FEATURE:1cxx_decltype_incomplete_return_types
    Feature record: CXX_FEATURE:1cxx_default_function_template_args
    Feature record: CXX_FEATURE:1cxx_defaulted_functions
    Feature record: CXX_FEATURE:1cxx_defaulted_move_initializers
    Feature record: CXX_FEATURE:1cxx_delegating_constructors
    Feature record: CXX_FEATURE:1cxx_deleted_functions
    Feature record: CXX_FEATURE:0cxx_digit_separators
    Feature record: CXX_FEATURE:1cxx_enum_forward_declarations
    Feature record: CXX_FEATURE:1cxx_explicit_conversions
    Feature record: CXX_FEATURE:1cxx_extended_friend_declarations
    Feature record: CXX_FEATURE:1cxx_extern_templates
    Feature record: CXX_FEATURE:1cxx_final
    Feature record: CXX_FEATURE:1cxx_func_identifier
    Feature record: CXX_FEATURE:1cxx_generalized_initializers
    Feature record: CXX_FEATURE:0cxx_generic_lambdas
    Feature record: CXX_FEATURE:1cxx_inheriting_constructors
    Feature record: CXX_FEATURE:1cxx_inline_namespaces
    Feature record: CXX_FEATURE:1cxx_lambdas
    Feature record: CXX_FEATURE:0cxx_lambda_init_captures
    Feature record: CXX_FEATURE:1cxx_local_type_template_args
    Feature record: CXX_FEATURE:1cxx_long_long_type
    Feature record: CXX_FEATURE:1cxx_noexcept
    Feature record: CXX_FEATURE:1cxx_nonstatic_member_init
    Feature record: CXX_FEATURE:1cxx_nullptr
    Feature record: CXX_FEATURE:1cxx_override
    Feature record: CXX_FEATURE:1cxx_range_for
    Feature record: CXX_FEATURE:1cxx_raw_string_literals
    Feature record: CXX_FEATURE:1cxx_reference_qualified_functions
    Feature record: CXX_FEATURE:0cxx_relaxed_constexpr
    Feature record: CXX_FEATURE:0cxx_return_type_deduction
    Feature record: CXX_FEATURE:1cxx_right_angle_brackets
    Feature record: CXX_FEATURE:1cxx_rvalue_references
    Feature record: CXX_FEATURE:1cxx_sizeof_member
    Feature record: CXX_FEATURE:1cxx_static_assert
    Feature record: CXX_FEATURE:1cxx_strong_enums
    Feature record: CXX_FEATURE:1cxx_template_template_parameters
    Feature record: CXX_FEATURE:1cxx_thread_local
    Feature record: CXX_FEATURE:1cxx_trailing_return_types
    Feature record: CXX_FEATURE:1cxx_unicode_literals
    Feature record: CXX_FEATURE:1cxx_uniform_initialization
    Feature record: CXX_FEATURE:1cxx_unrestricted_unions
    Feature record: CXX_FEATURE:1cxx_user_literals
    Feature record: CXX_FEATURE:0cxx_variable_templates
    Feature record: CXX_FEATURE:1cxx_variadic_macros
    Feature record: CXX_FEATURE:1cxx_variadic_templates


Detecting CXX [-std=c++98] compiler features compiled with the following output:
Change Dir: /var/fpwork/dmeng/tdd_study/bubble_sort/build/CMakeFiles/CMakeTmp

Run Build Command:"/usr/bin/gmake" "cmTC_6236b/fast"
/usr/bin/gmake -f CMakeFiles/cmTC_6236b.dir/build.make CMakeFiles/cmTC_6236b.dir/build
gmake[1]: Entering directory `/var/fpwork/dmeng/tdd_study/bubble_sort/build/CMakeFiles/CMakeTmp'
Building CXX object CMakeFiles/cmTC_6236b.dir/feature_tests.cxx.o
ccache /opt/gcc/x86_64/8.3.0a/bin/g++    -isystem /var/fpwork/dmeng/5GNB/sdk5g/prefix_root_NATIVE-gcc/usr/include     -std=c++98 -o CMakeFiles/cmTC_6236b.dir/feature_tests.cxx.o -c /var/fpwork/dmeng/tdd_study/bubble_sort/build/CMakeFiles/feature_tests.cxx
Linking CXX executable cmTC_6236b
/opt/cmake/x86_64/3.13.3-1/bin/cmake -E cmake_link_script CMakeFiles/cmTC_6236b.dir/link.txt --verbose=1
/opt/gcc/x86_64/8.3.0a/bin/g++  -isystem /var/fpwork/dmeng/5GNB/sdk5g/prefix_root_NATIVE-gcc/usr/include    -L/var/fpwork/dmeng/5GNB/sdk5g/prefix_root_NATIVE-gcc/lib -Wl,-rpath,/var/fpwork/dmeng/5GNB/sdk5g/prefix_root_NATIVE-gcc/lib  CMakeFiles/cmTC_6236b.dir/feature_tests.cxx.o  -o cmTC_6236b 
gmake[1]: Leaving directory `/var/fpwork/dmeng/tdd_study/bubble_sort/build/CMakeFiles/CMakeTmp'


    Feature record: CXX_FEATURE:0cxx_aggregate_default_initializers
    Feature record: CXX_FEATURE:0cxx_alias_templates
    Feature record: CXX_FEATURE:0cxx_alignas
    Feature record: CXX_FEATURE:0cxx_alignof
    Feature record: CXX_FEATURE:0cxx_attributes
    Feature record: CXX_FEATURE:0cxx_attribute_deprecated
    Feature record: CXX_FEATURE:0cxx_auto_type
    Feature record: CXX_FEATURE:0cxx_binary_literals
    Feature record: CXX_FEATURE:0cxx_constexpr
    Feature record: CXX_FEATURE:0cxx_contextual_conversions
    Feature record: CXX_FEATURE:0cxx_decltype
    Feature record: CXX_FEATURE:0cxx_decltype_auto
    Feature record: CXX_FEATURE:0cxx_decltype_incomplete_return_types
    Feature record: CXX_FEATURE:0cxx_default_function_template_args
    Feature record: CXX_FEATURE:0cxx_defaulted_functions
    Feature record: CXX_FEATURE:0cxx_defaulted_move_initializers
    Feature record: CXX_FEATURE:0cxx_delegating_constructors
    Feature record: CXX_FEATURE:0cxx_deleted_functions
    Feature record: CXX_FEATURE:0cxx_digit_separators
    Feature record: CXX_FEATURE:0cxx_enum_forward_declarations
    Feature record: CXX_FEATURE:0cxx_explicit_conversions
    Feature record: CXX_FEATURE:0cxx_extended_friend_declarations
    Feature record: CXX_FEATURE:0cxx_extern_templates
    Feature record: CXX_FEATURE:0cxx_final
    Feature record: CXX_FEATURE:0cxx_func_identifier
    Feature record: CXX_FEATURE:0cxx_generalized_initializers
    Feature record: CXX_FEATURE:0cxx_generic_lambdas
    Feature record: CXX_FEATURE:0cxx_inheriting_constructors
    Feature record: CXX_FEATURE:0cxx_inline_namespaces
    Feature record: CXX_FEATURE:0cxx_lambdas
    Feature record: CXX_FEATURE:0cxx_lambda_init_captures
    Feature record: CXX_FEATURE:0cxx_local_type_template_args
    Feature record: CXX_FEATURE:0cxx_long_long_type
    Feature record: CXX_FEATURE:0cxx_noexcept
    Feature record: CXX_FEATURE:0cxx_nonstatic_member_init
    Feature record: CXX_FEATURE:0cxx_nullptr
    Feature record: CXX_FEATURE:0cxx_override
    Feature record: CXX_FEATURE:0cxx_range_for
    Feature record: CXX_FEATURE:0cxx_raw_string_literals
    Feature record: CXX_FEATURE:0cxx_reference_qualified_functions
    Feature record: CXX_FEATURE:0cxx_relaxed_constexpr
    Feature record: CXX_FEATURE:0cxx_return_type_deduction
    Feature record: CXX_FEATURE:0cxx_right_angle_brackets
    Feature record: CXX_FEATURE:0cxx_rvalue_references
    Feature record: CXX_FEATURE:0cxx_sizeof_member
    Feature record: CXX_FEATURE:0cxx_static_assert
    Feature record: CXX_FEATURE:0cxx_strong_enums
    Feature record: CXX_FEATURE:1cxx_template_template_parameters
    Feature record: CXX_FEATURE:0cxx_thread_local
    Feature record: CXX_FEATURE:0cxx_trailing_return_types
    Feature record: CXX_FEATURE:0cxx_unicode_literals
    Feature record: CXX_FEATURE:0cxx_uniform_initialization
    Feature record: CXX_FEATURE:0cxx_unrestricted_unions
    Feature record: CXX_FEATURE:0cxx_user_literals
    Feature record: CXX_FEATURE:0cxx_variable_templates
    Feature record: CXX_FEATURE:0cxx_variadic_macros
    Feature record: CXX_FEATURE:0cxx_variadic_templates
